
 /----------------------------------------------------------------------------\
 |  yosys -- Yosys Open SYnthesis Suite                                       |
 |  Copyright (C) 2012 - 2025  Claire Xenia Wolf <claire@yosyshq.com>         |
 |  Distributed under an ISC-like license, type "license" to see terms        |
 \----------------------------------------------------------------------------/
 Yosys 0.52 (git sha1 fee39a328, ccache clang 18.1.3 -O3 -flto -flto)

-- Executing script file `neotang.ys' --

1. Executing Verilog-2005 frontend: ..\src\neotang\pll_modules.sv
Parsing SystemVerilog input from `..\src\neotang\pll_modules.sv' to AST representation.
Successfully finished Verilog frontend.

2. Executing Verilog-2005 frontend: ..\src\neotang\pll_hdmi_x5.sv
Parsing SystemVerilog input from `..\src\neotang\pll_hdmi_x5.sv' to AST representation.
Successfully finished Verilog frontend.

3. Executing Verilog-2005 frontend: ..\src\neotang\pll_instantiation.sv
Parsing SystemVerilog input from `..\src\neotang\pll_instantiation.sv' to AST representation.
Successfully finished Verilog frontend.

4. Executing Verilog-2005 frontend: ..\src\neotang\memory_map.sv
Parsing SystemVerilog input from `..\src\neotang\memory_map.sv' to AST representation.
Successfully finished Verilog frontend.

5. Executing Verilog-2005 frontend: ..\src\neotang\sdram_controller.sv
Parsing SystemVerilog input from `..\src\neotang\sdram_controller.sv' to AST representation.
Successfully finished Verilog frontend.

6. Executing Verilog-2005 frontend: ..\src\neotang\sdram_controller_dual.sv
Parsing SystemVerilog input from `..\src\neotang\sdram_controller_dual.sv' to AST representation.
Successfully finished Verilog frontend.

7. Executing Verilog-2005 frontend: ..\src\neotang\rom_loader.sv
Parsing SystemVerilog input from `..\src\neotang\rom_loader.sv' to AST representation.
Successfully finished Verilog frontend.

8. Executing Verilog-2005 frontend: ..\src\neotang\video_scaler.sv
Parsing SystemVerilog input from `..\src\neotang\video_scaler.sv' to AST representation.
Successfully finished Verilog frontend.

9. Executing Verilog-2005 frontend: ..\src\neotang\hdmi_output.sv
Parsing SystemVerilog input from `..\src\neotang\hdmi_output.sv' to AST representation.
Successfully finished Verilog frontend.

10. Executing Verilog-2005 frontend: ..\src\neotang\hdmi_audio_integration.sv
Parsing SystemVerilog input from `..\src\neotang\hdmi_audio_integration.sv' to AST representation.
Successfully finished Verilog frontend.

11. Executing Verilog-2005 frontend: ..\src\neotang\audio_i2s.sv
Parsing SystemVerilog input from `..\src\neotang\audio_i2s.sv' to AST representation.
Successfully finished Verilog frontend.

12. Executing Verilog-2005 frontend: ..\src\neotang\audio_processor.sv
Parsing SystemVerilog input from `..\src\neotang\audio_processor.sv' to AST representation.
Successfully finished Verilog frontend.

13. Executing Verilog-2005 frontend: ..\src\neotang\osd_overlay.sv
Parsing SystemVerilog input from `..\src\neotang\osd_overlay.sv' to AST representation.
Successfully finished Verilog frontend.

14. Executing Verilog-2005 frontend: ..\src\neotang\iosys_bl616.sv
Parsing SystemVerilog input from `..\src\neotang\iosys_bl616.sv' to AST representation.
Successfully finished Verilog frontend.

15. Executing Verilog-2005 frontend: ..\src\neotang\input_adapter.sv
Parsing SystemVerilog input from `..\src\neotang\input_adapter.sv' to AST representation.
Successfully finished Verilog frontend.

16. Executing Verilog-2005 frontend: ..\src\neotang\placeholder_modules.sv
Parsing SystemVerilog input from `..\src\neotang\placeholder_modules.sv' to AST representation.
Successfully finished Verilog frontend.

17. Executing Verilog-2005 frontend: ..\src\neotang\mister_ng\ip_stubs\altsyncram.v
Parsing SystemVerilog input from `..\src\neotang\mister_ng\ip_stubs\altsyncram.v' to AST representation.
Successfully finished Verilog frontend.

18. Executing Verilog-2005 frontend: ..\src\neotang\mister_ng\ip_stubs\altera_pll.v
Parsing SystemVerilog input from `..\src\neotang\mister_ng\ip_stubs\altera_pll.v' to AST representation.
Successfully finished Verilog frontend.

19. Executing Verilog-2005 frontend: ..\src\neotang\mister_ng\ip_stubs\altpll.v
Parsing SystemVerilog input from `..\src\neotang\mister_ng\ip_stubs\altpll.v' to AST representation.
Successfully finished Verilog frontend.

20. Executing Verilog-2005 frontend: ..\src\neotang\mister_ng\mem\dpram.v
Parsing SystemVerilog input from `..\src\neotang\mister_ng\mem\dpram.v' to AST representation.
Successfully finished Verilog frontend.

21. Executing Verilog-2005 frontend: ..\src\neotang\mister_ng\mem\backup.v
Parsing SystemVerilog input from `..\src\neotang\mister_ng\mem\backup.v' to AST representation.
Successfully finished Verilog frontend.

22. Executing Verilog-2005 frontend: ..\src\neotang\mister_ng\mem\memcard.v
Parsing SystemVerilog input from `..\src\neotang\mister_ng\mem\memcard.v' to AST representation.
Successfully finished Verilog frontend.

23. Executing Verilog-2005 frontend: ..\src\neotang\mister_ng\mem\ddram.sv
Parsing SystemVerilog input from `..\src\neotang\mister_ng\mem\ddram.sv' to AST representation.
Successfully finished Verilog frontend.

24. Executing Verilog-2005 frontend: ..\src\neotang\mister_ng\mem\sdram.sv
Parsing SystemVerilog input from `..\src\neotang\mister_ng\mem\sdram.sv' to AST representation.
Successfully finished Verilog frontend.

25. Executing Verilog-2005 frontend: ..\src\neotang\mister_ng\mem\sdram_mux.sv
Parsing SystemVerilog input from `..\src\neotang\mister_ng\mem\sdram_mux.sv' to AST representation.
Successfully finished Verilog frontend.

26. Executing Verilog-2005 frontend: ..\src\neotang\mister_ng\video\autoanim.v
Parsing SystemVerilog input from `..\src\neotang\mister_ng\video\autoanim.v' to AST representation.
Successfully finished Verilog frontend.

27. Executing Verilog-2005 frontend: ..\src\neotang\mister_ng\video\fast_cycle.v
Parsing SystemVerilog input from `..\src\neotang\mister_ng\video\fast_cycle.v' to AST representation.
Successfully finished Verilog frontend.

28. Executing Verilog-2005 frontend: ..\src\neotang\mister_ng\video\hshrink.v
Parsing SystemVerilog input from `..\src\neotang\mister_ng\video\hshrink.v' to AST representation.
Successfully finished Verilog frontend.

29. Executing Verilog-2005 frontend: ..\src\neotang\mister_ng\video\irq.v
Parsing SystemVerilog input from `..\src\neotang\mister_ng\video\irq.v' to AST representation.
Successfully finished Verilog frontend.

30. Executing Verilog-2005 frontend: ..\src\neotang\mister_ng\video\linebuffer.v
Parsing SystemVerilog input from `..\src\neotang\mister_ng\video\linebuffer.v' to AST representation.
Successfully finished Verilog frontend.

31. Executing Verilog-2005 frontend: ..\src\neotang\mister_ng\video\lspc2_a2.v
Parsing SystemVerilog input from `..\src\neotang\mister_ng\video\lspc2_a2.v' to AST representation.
Successfully finished Verilog frontend.

32. Executing Verilog-2005 frontend: ..\src\neotang\mister_ng\video\lspc2_clk.v
Parsing SystemVerilog input from `..\src\neotang\mister_ng\video\lspc2_clk.v' to AST representation.
Successfully finished Verilog frontend.

33. Executing Verilog-2005 frontend: ..\src\neotang\mister_ng\video\lspc_regs.v
Parsing SystemVerilog input from `..\src\neotang\mister_ng\video\lspc_regs.v' to AST representation.
Successfully finished Verilog frontend.

34. Executing Verilog-2005 frontend: ..\src\neotang\mister_ng\video\lspc_timer.v
Parsing SystemVerilog input from `..\src\neotang\mister_ng\video\lspc_timer.v' to AST representation.
Successfully finished Verilog frontend.

35. Executing Verilog-2005 frontend: ..\src\neotang\mister_ng\video\neo_273.v
Parsing SystemVerilog input from `..\src\neotang\mister_ng\video\neo_273.v' to AST representation.
Successfully finished Verilog frontend.

36. Executing Verilog-2005 frontend: ..\src\neotang\mister_ng\video\neo_b1.v
Parsing SystemVerilog input from `..\src\neotang\mister_ng\video\neo_b1.v' to AST representation.
Successfully finished Verilog frontend.

37. Executing Verilog-2005 frontend: ..\src\neotang\mister_ng\video\neo_cmc.v
Parsing SystemVerilog input from `..\src\neotang\mister_ng\video\neo_cmc.v' to AST representation.
Successfully finished Verilog frontend.

38. Executing Verilog-2005 frontend: ..\src\neotang\mister_ng\video\slow_cycle.v
Parsing SystemVerilog input from `..\src\neotang\mister_ng\video\slow_cycle.v' to AST representation.
Successfully finished Verilog frontend.

39. Executing Verilog-2005 frontend: ..\src\neotang\mister_ng\video\videosync.v
Parsing SystemVerilog input from `..\src\neotang\mister_ng\video\videosync.v' to AST representation.
Successfully finished Verilog frontend.

40. Executing Verilog-2005 frontend: ..\src\neotang\mister_ng\video\zmc2_dot.v
Parsing SystemVerilog input from `..\src\neotang\mister_ng\video\zmc2_dot.v' to AST representation.
Successfully finished Verilog frontend.

41. Executing Verilog-2005 frontend: ..\src\neotang\mister_ng\io\c1_inputs.v
Parsing SystemVerilog input from `..\src\neotang\mister_ng\io\c1_inputs.v' to AST representation.
Successfully finished Verilog frontend.

42. Executing Verilog-2005 frontend: ..\src\neotang\mister_ng\io\c1_regs.v
Parsing SystemVerilog input from `..\src\neotang\mister_ng\io\c1_regs.v' to AST representation.
Successfully finished Verilog frontend.

43. Executing Verilog-2005 frontend: ..\src\neotang\mister_ng\io\c1_wait.v
Parsing SystemVerilog input from `..\src\neotang\mister_ng\io\c1_wait.v' to AST representation.
Successfully finished Verilog frontend.

44. Executing Verilog-2005 frontend: ..\src\neotang\mister_ng\io\clocks.v
Parsing SystemVerilog input from `..\src\neotang\mister_ng\io\clocks.v' to AST representation.
Successfully finished Verilog frontend.

45. Executing Verilog-2005 frontend: ..\src\neotang\mister_ng\io\com.v
Parsing SystemVerilog input from `..\src\neotang\mister_ng\io\com.v' to AST representation.
Successfully finished Verilog frontend.

46. Executing Verilog-2005 frontend: ..\src\neotang\mister_ng\io\neo_c1.v
Parsing SystemVerilog input from `..\src\neotang\mister_ng\io\neo_c1.v' to AST representation.
Successfully finished Verilog frontend.

47. Executing Verilog-2005 frontend: ..\src\neotang\mister_ng\io\neo_d0.v
Parsing SystemVerilog input from `..\src\neotang\mister_ng\io\neo_d0.v' to AST representation.
Successfully finished Verilog frontend.

48. Executing Verilog-2005 frontend: ..\src\neotang\mister_ng\io\neo_e0.v
Parsing SystemVerilog input from `..\src\neotang\mister_ng\io\neo_e0.v' to AST representation.
Successfully finished Verilog frontend.

49. Executing Verilog-2005 frontend: ..\src\neotang\mister_ng\io\neo_f0.v
Parsing SystemVerilog input from `..\src\neotang\mister_ng\io\neo_f0.v' to AST representation.
Successfully finished Verilog frontend.

50. Executing Verilog-2005 frontend: ..\src\neotang\mister_ng\io\neo_g0.v
Parsing SystemVerilog input from `..\src\neotang\mister_ng\io\neo_g0.v' to AST representation.
Successfully finished Verilog frontend.

51. Executing Verilog-2005 frontend: ..\src\neotang\mister_ng\io\neo_pvc.v
Parsing SystemVerilog input from `..\src\neotang\mister_ng\io\neo_pvc.v' to AST representation.
Successfully finished Verilog frontend.

52. Executing Verilog-2005 frontend: ..\src\neotang\mister_ng\io\neo_sma.sv
Parsing SystemVerilog input from `..\src\neotang\mister_ng\io\neo_sma.sv' to AST representation.
Successfully finished Verilog frontend.

53. Executing Verilog-2005 frontend: ..\src\neotang\mister_ng\io\pcm.v
Parsing SystemVerilog input from `..\src\neotang\mister_ng\io\pcm.v' to AST representation.
Successfully finished Verilog frontend.

54. Executing Verilog-2005 frontend: ..\src\neotang\mister_ng\io\register.v
Parsing SystemVerilog input from `..\src\neotang\mister_ng\io\register.v' to AST representation.
Successfully finished Verilog frontend.

55. Executing Verilog-2005 frontend: ..\src\neotang\mister_ng\io\resetp.v
Parsing SystemVerilog input from `..\src\neotang\mister_ng\io\resetp.v' to AST representation.
Successfully finished Verilog frontend.

56. Executing Verilog-2005 frontend: ..\src\neotang\mister_ng\io\syslatch.v
Parsing SystemVerilog input from `..\src\neotang\mister_ng\io\syslatch.v' to AST representation.
Successfully finished Verilog frontend.

57. Executing Verilog-2005 frontend: ..\src\neotang\mister_ng\io\upd4990.v
Parsing SystemVerilog input from `..\src\neotang\mister_ng\io\upd4990.v' to AST representation.
Successfully finished Verilog frontend.

58. Executing Verilog-2005 frontend: ..\src\neotang\mister_ng\io\watchdog.v
Parsing SystemVerilog input from `..\src\neotang\mister_ng\io\watchdog.v' to AST representation.
Successfully finished Verilog frontend.

59. Executing Verilog-2005 frontend: ..\src\neotang\mister_ng\io\z80ctrl.v
Parsing SystemVerilog input from `..\src\neotang\mister_ng\io\z80ctrl.v' to AST representation.
Successfully finished Verilog frontend.

60. Executing Verilog-2005 frontend: ..\src\neotang\mister_ng\io\zmc.v
Parsing SystemVerilog input from `..\src\neotang\mister_ng\io\zmc.v' to AST representation.
Successfully finished Verilog frontend.

61. Executing Verilog-2005 frontend: ..\src\neotang\mister_ng\cpu\cpu_68k.v
Parsing SystemVerilog input from `..\src\neotang\mister_ng\cpu\cpu_68k.v' to AST representation.
Successfully finished Verilog frontend.

62. Executing Verilog-2005 frontend: ..\src\neotang\mister_ng\cpu\cpu_z80.v
Parsing SystemVerilog input from `..\src\neotang\mister_ng\cpu\cpu_z80.v' to AST representation.
Successfully finished Verilog frontend.

63. Executing Verilog-2005 frontend: ..\src\neotang\mister_ng\cpu\FX68K\fx68k.sv
Parsing SystemVerilog input from `..\src\neotang\mister_ng\cpu\FX68K\fx68k.sv' to AST representation.
Successfully finished Verilog frontend.

64. Executing Verilog-2005 frontend: ..\src\neotang\mister_ng\cpu\FX68K\fx68kAlu.sv
Parsing SystemVerilog input from `..\src\neotang\mister_ng\cpu\FX68K\fx68kAlu.sv' to AST representation.
Successfully finished Verilog frontend.

65. Executing Verilog-2005 frontend: ..\src\neotang\mister_ng\cpu\FX68K\uaddrPla.sv
Parsing SystemVerilog input from `..\src\neotang\mister_ng\cpu\FX68K\uaddrPla.sv' to AST representation.
Successfully finished Verilog frontend.

66. Executing Verilog-2005 frontend: ..\src\neotang\mister_ng\cells\bd3.v
Parsing SystemVerilog input from `..\src\neotang\mister_ng\cells\bd3.v' to AST representation.
Successfully finished Verilog frontend.

67. Executing Verilog-2005 frontend: ..\src\neotang\mister_ng\cells\C43.v
Parsing SystemVerilog input from `..\src\neotang\mister_ng\cells\C43.v' to AST representation.
Successfully finished Verilog frontend.

68. Executing Verilog-2005 frontend: ..\src\neotang\mister_ng\cells\fdm.v
Parsing SystemVerilog input from `..\src\neotang\mister_ng\cells\fdm.v' to AST representation.
Successfully finished Verilog frontend.

69. Executing Verilog-2005 frontend: ..\src\neotang\mister_ng\cells\fds.v
Parsing SystemVerilog input from `..\src\neotang\mister_ng\cells\fds.v' to AST representation.
Successfully finished Verilog frontend.

70. Executing Verilog-2005 frontend: ..\src\neotang\mister_ng\cells\fds16bit.v
Parsing SystemVerilog input from `..\src\neotang\mister_ng\cells\fds16bit.v' to AST representation.
Successfully finished Verilog frontend.

71. Executing Verilog-2005 frontend: ..\src\neotang\mister_ng\cells\lt4.v
Parsing SystemVerilog input from `..\src\neotang\mister_ng\cells\lt4.v' to AST representation.
Successfully finished Verilog frontend.

72. Executing Verilog-2005 frontend: ..\src\neotang\mister_ng\jt12\hdl\jt12.v
Parsing SystemVerilog input from `..\src\neotang\mister_ng\jt12\hdl\jt12.v' to AST representation.
Successfully finished Verilog frontend.

73. Executing Verilog-2005 frontend: ..\src\neotang\mister_ng\jt12\hdl\jt12_acc.v
Parsing SystemVerilog input from `..\src\neotang\mister_ng\jt12\hdl\jt12_acc.v' to AST representation.
Successfully finished Verilog frontend.

74. Executing Verilog-2005 frontend: ..\src\neotang\mister_ng\jt12\hdl\jt12_csr.v
Parsing SystemVerilog input from `..\src\neotang\mister_ng\jt12\hdl\jt12_csr.v' to AST representation.
Successfully finished Verilog frontend.

75. Executing Verilog-2005 frontend: ..\src\neotang\mister_ng\jt12\hdl\jt12_div.v
Parsing SystemVerilog input from `..\src\neotang\mister_ng\jt12\hdl\jt12_div.v' to AST representation.
Successfully finished Verilog frontend.

76. Executing Verilog-2005 frontend: ..\src\neotang\mister_ng\jt12\hdl\jt12_dout.v
Parsing SystemVerilog input from `..\src\neotang\mister_ng\jt12\hdl\jt12_dout.v' to AST representation.
Successfully finished Verilog frontend.

77. Executing Verilog-2005 frontend: ..\src\neotang\mister_ng\jt12\hdl\jt12_eg.v
Parsing SystemVerilog input from `..\src\neotang\mister_ng\jt12\hdl\jt12_eg.v' to AST representation.
Successfully finished Verilog frontend.

78. Executing Verilog-2005 frontend: ..\src\neotang\mister_ng\jt12\hdl\jt12_eg_cnt.v
Parsing SystemVerilog input from `..\src\neotang\mister_ng\jt12\hdl\jt12_eg_cnt.v' to AST representation.
Successfully finished Verilog frontend.

79. Executing Verilog-2005 frontend: ..\src\neotang\mister_ng\jt12\hdl\jt12_eg_comb.v
Parsing SystemVerilog input from `..\src\neotang\mister_ng\jt12\hdl\jt12_eg_comb.v' to AST representation.
Successfully finished Verilog frontend.

80. Executing Verilog-2005 frontend: ..\src\neotang\mister_ng\jt12\hdl\jt12_eg_ctrl.v
Parsing SystemVerilog input from `..\src\neotang\mister_ng\jt12\hdl\jt12_eg_ctrl.v' to AST representation.
Successfully finished Verilog frontend.

81. Executing Verilog-2005 frontend: ..\src\neotang\mister_ng\jt12\hdl\jt12_eg_final.v
Parsing SystemVerilog input from `..\src\neotang\mister_ng\jt12\hdl\jt12_eg_final.v' to AST representation.
Successfully finished Verilog frontend.

82. Executing Verilog-2005 frontend: ..\src\neotang\mister_ng\jt12\hdl\jt12_eg_pure.v
Parsing SystemVerilog input from `..\src\neotang\mister_ng\jt12\hdl\jt12_eg_pure.v' to AST representation.
Successfully finished Verilog frontend.

83. Executing Verilog-2005 frontend: ..\src\neotang\mister_ng\jt12\hdl\jt12_eg_step.v
Parsing SystemVerilog input from `..\src\neotang\mister_ng\jt12\hdl\jt12_eg_step.v' to AST representation.
Successfully finished Verilog frontend.

84. Executing Verilog-2005 frontend: ..\src\neotang\mister_ng\jt12\hdl\jt12_exprom.v
Parsing SystemVerilog input from `..\src\neotang\mister_ng\jt12\hdl\jt12_exprom.v' to AST representation.
Successfully finished Verilog frontend.

85. Executing Verilog-2005 frontend: ..\src\neotang\mister_ng\jt12\hdl\jt12_kon.v
Parsing SystemVerilog input from `..\src\neotang\mister_ng\jt12\hdl\jt12_kon.v' to AST representation.
Successfully finished Verilog frontend.

86. Executing Verilog-2005 frontend: ..\src\neotang\mister_ng\jt12\hdl\jt12_lfo.v
Parsing SystemVerilog input from `..\src\neotang\mister_ng\jt12\hdl\jt12_lfo.v' to AST representation.
Successfully finished Verilog frontend.

87. Executing Verilog-2005 frontend: ..\src\neotang\mister_ng\jt12\hdl\jt12_logsin.v
Parsing SystemVerilog input from `..\src\neotang\mister_ng\jt12\hdl\jt12_logsin.v' to AST representation.
Successfully finished Verilog frontend.

88. Executing Verilog-2005 frontend: ..\src\neotang\mister_ng\jt12\hdl\jt12_mmr.v
Parsing SystemVerilog input from `..\src\neotang\mister_ng\jt12\hdl\jt12_mmr.v' to AST representation.
Successfully finished Verilog frontend.

89. Executing Verilog-2005 frontend: ..\src\neotang\mister_ng\jt12\hdl\jt12_mmr_sim.vh
Parsing SystemVerilog input from `..\src\neotang\mister_ng\jt12\hdl\jt12_mmr_sim.vh' to AST representation.
Successfully finished Verilog frontend.

90. Executing Verilog-2005 frontend: ..\src\neotang\mister_ng\jt12\hdl\jt12_mod.v
Parsing SystemVerilog input from `..\src\neotang\mister_ng\jt12\hdl\jt12_mod.v' to AST representation.
Successfully finished Verilog frontend.

91. Executing Verilog-2005 frontend: ..\src\neotang\mister_ng\jt12\hdl\jt12_op.v
Parsing SystemVerilog input from `..\src\neotang\mister_ng\jt12\hdl\jt12_op.v' to AST representation.
Successfully finished Verilog frontend.

92. Executing Verilog-2005 frontend: ..\src\neotang\mister_ng\jt12\hdl\jt12_pcm.v
Parsing SystemVerilog input from `..\src\neotang\mister_ng\jt12\hdl\jt12_pcm.v' to AST representation.
Successfully finished Verilog frontend.

93. Executing Verilog-2005 frontend: ..\src\neotang\mister_ng\jt12\hdl\jt12_pcm_interpol.v
Parsing SystemVerilog input from `..\src\neotang\mister_ng\jt12\hdl\jt12_pcm_interpol.v' to AST representation.
Successfully finished Verilog frontend.

94. Executing Verilog-2005 frontend: ..\src\neotang\mister_ng\jt12\hdl\jt12_pg.v
Parsing SystemVerilog input from `..\src\neotang\mister_ng\jt12\hdl\jt12_pg.v' to AST representation.
Successfully finished Verilog frontend.

95. Executing Verilog-2005 frontend: ..\src\neotang\mister_ng\jt12\hdl\jt12_pg_comb.v
Parsing SystemVerilog input from `..\src\neotang\mister_ng\jt12\hdl\jt12_pg_comb.v' to AST representation.
Successfully finished Verilog frontend.

96. Executing Verilog-2005 frontend: ..\src\neotang\mister_ng\jt12\hdl\jt12_pg_dt.v
Parsing SystemVerilog input from `..\src\neotang\mister_ng\jt12\hdl\jt12_pg_dt.v' to AST representation.
Successfully finished Verilog frontend.

97. Executing Verilog-2005 frontend: ..\src\neotang\mister_ng\jt12\hdl\jt12_pg_inc.v
Parsing SystemVerilog input from `..\src\neotang\mister_ng\jt12\hdl\jt12_pg_inc.v' to AST representation.
Successfully finished Verilog frontend.

98. Executing Verilog-2005 frontend: ..\src\neotang\mister_ng\jt12\hdl\jt12_pg_sum.v
Parsing SystemVerilog input from `..\src\neotang\mister_ng\jt12\hdl\jt12_pg_sum.v' to AST representation.
Successfully finished Verilog frontend.

99. Executing Verilog-2005 frontend: ..\src\neotang\mister_ng\jt12\hdl\jt12_pm.v
Parsing SystemVerilog input from `..\src\neotang\mister_ng\jt12\hdl\jt12_pm.v' to AST representation.
Successfully finished Verilog frontend.

100. Executing Verilog-2005 frontend: ..\src\neotang\mister_ng\jt12\hdl\jt12_reg.v
Parsing SystemVerilog input from `..\src\neotang\mister_ng\jt12\hdl\jt12_reg.v' to AST representation.
Successfully finished Verilog frontend.

101. Executing Verilog-2005 frontend: ..\src\neotang\mister_ng\jt12\hdl\jt12_reg_ch.v
Parsing SystemVerilog input from `..\src\neotang\mister_ng\jt12\hdl\jt12_reg_ch.v' to AST representation.
Successfully finished Verilog frontend.

102. Executing Verilog-2005 frontend: ..\src\neotang\mister_ng\jt12\hdl\jt12_rst.v
Parsing SystemVerilog input from `..\src\neotang\mister_ng\jt12\hdl\jt12_rst.v' to AST representation.
Successfully finished Verilog frontend.

103. Executing Verilog-2005 frontend: ..\src\neotang\mister_ng\jt12\hdl\jt12_sh.v
Parsing SystemVerilog input from `..\src\neotang\mister_ng\jt12\hdl\jt12_sh.v' to AST representation.
Successfully finished Verilog frontend.

104. Executing Verilog-2005 frontend: ..\src\neotang\mister_ng\jt12\hdl\jt12_sh24.v
Parsing SystemVerilog input from `..\src\neotang\mister_ng\jt12\hdl\jt12_sh24.v' to AST representation.
Successfully finished Verilog frontend.

105. Executing Verilog-2005 frontend: ..\src\neotang\mister_ng\jt12\hdl\jt12_sh_rst.v
Parsing SystemVerilog input from `..\src\neotang\mister_ng\jt12\hdl\jt12_sh_rst.v' to AST representation.
Successfully finished Verilog frontend.

106. Executing Verilog-2005 frontend: ..\src\neotang\mister_ng\jt12\hdl\jt12_single_acc.v
Parsing SystemVerilog input from `..\src\neotang\mister_ng\jt12\hdl\jt12_single_acc.v' to AST representation.
Successfully finished Verilog frontend.

107. Executing Verilog-2005 frontend: ..\src\neotang\mister_ng\jt12\hdl\jt12_sumch.v
Parsing SystemVerilog input from `..\src\neotang\mister_ng\jt12\hdl\jt12_sumch.v' to AST representation.
Successfully finished Verilog frontend.

108. Executing Verilog-2005 frontend: ..\src\neotang\mister_ng\jt12\hdl\jt12_timers.v
Parsing SystemVerilog input from `..\src\neotang\mister_ng\jt12\hdl\jt12_timers.v' to AST representation.
Successfully finished Verilog frontend.

109. Executing Verilog-2005 frontend: ..\src\neotang\mister_ng\jt12\hdl\jt12_top.v
Parsing SystemVerilog input from `..\src\neotang\mister_ng\jt12\hdl\jt12_top.v' to AST representation.
Successfully finished Verilog frontend.

110. Executing Verilog-2005 frontend: ..\src\neotang\mister_ng\jt49\hdl\jt49.v
Parsing SystemVerilog input from `..\src\neotang\mister_ng\jt49\hdl\jt49.v' to AST representation.
Successfully finished Verilog frontend.

111. Executing Verilog-2005 frontend: ..\src\neotang\mister_ng\jt49\hdl\jt49_bus.v
Parsing SystemVerilog input from `..\src\neotang\mister_ng\jt49\hdl\jt49_bus.v' to AST representation.
Successfully finished Verilog frontend.

112. Executing Verilog-2005 frontend: ..\src\neotang\mister_ng\jt49\hdl\jt49_cen.v
Parsing SystemVerilog input from `..\src\neotang\mister_ng\jt49\hdl\jt49_cen.v' to AST representation.
Successfully finished Verilog frontend.

113. Executing Verilog-2005 frontend: ..\src\neotang\mister_ng\jt49\hdl\jt49_div.v
Parsing SystemVerilog input from `..\src\neotang\mister_ng\jt49\hdl\jt49_div.v' to AST representation.
Successfully finished Verilog frontend.

114. Executing Verilog-2005 frontend: ..\src\neotang\mister_ng\jt49\hdl\jt49_eg.v
Parsing SystemVerilog input from `..\src\neotang\mister_ng\jt49\hdl\jt49_eg.v' to AST representation.
Successfully finished Verilog frontend.

115. Executing Verilog-2005 frontend: ..\src\neotang\mister_ng\jt49\hdl\jt49_exp.v
Parsing SystemVerilog input from `..\src\neotang\mister_ng\jt49\hdl\jt49_exp.v' to AST representation.
Successfully finished Verilog frontend.

116. Executing Verilog-2005 frontend: ..\src\neotang\mister_ng\jt49\hdl\jt49_noise.v
Parsing SystemVerilog input from `..\src\neotang\mister_ng\jt49\hdl\jt49_noise.v' to AST representation.
Successfully finished Verilog frontend.

117. Executing Verilog-2005 frontend: ..\src\neotang\mister_ng\jt49\hdl\filter\jt49_dcrm.v
Parsing SystemVerilog input from `..\src\neotang\mister_ng\jt49\hdl\filter\jt49_dcrm.v' to AST representation.
Successfully finished Verilog frontend.

118. Executing Verilog-2005 frontend: ..\src\neotang\mister_ng\jt49\hdl\filter\jt49_dcrm2.v
Parsing SystemVerilog input from `..\src\neotang\mister_ng\jt49\hdl\filter\jt49_dcrm2.v' to AST representation.
Successfully finished Verilog frontend.

119. Executing Verilog-2005 frontend: ..\src\neotang\mister_ng\jt49\hdl\filter\jt49_dly.v
Parsing SystemVerilog input from `..\src\neotang\mister_ng\jt49\hdl\filter\jt49_dly.v' to AST representation.
Successfully finished Verilog frontend.

120. Executing Verilog-2005 frontend: ..\src\neotang\mister_ng\jt49\hdl\filter\jt49_mave.v
Parsing SystemVerilog input from `..\src\neotang\mister_ng\jt49\hdl\filter\jt49_mave.v' to AST representation.
Successfully finished Verilog frontend.

121. Executing Verilog-2005 frontend: ..\src\neotang\mister_ng\cd\cd.sv
Parsing SystemVerilog input from `..\src\neotang\mister_ng\cd\cd.sv' to AST representation.
Successfully finished Verilog frontend.

122. Executing Verilog-2005 frontend: ..\src\neotang\mister_ng\cd\cdda.v
Parsing SystemVerilog input from `..\src\neotang\mister_ng\cd\cdda.v' to AST representation.
Successfully finished Verilog frontend.

123. Executing Verilog-2005 frontend: ..\src\neotang\mister_ng\cd\drive.v
Parsing SystemVerilog input from `..\src\neotang\mister_ng\cd\drive.v' to AST representation.
Successfully finished Verilog frontend.

124. Executing Verilog-2005 frontend: ..\src\neotang\mister_ng\cd\hps_ext.v
Parsing SystemVerilog input from `..\src\neotang\mister_ng\cd\hps_ext.v' to AST representation.
Successfully finished Verilog frontend.

125. Executing Verilog-2005 frontend: ..\src\neotang\mister_ng\cd\lc8951.v
Parsing SystemVerilog input from `..\src\neotang\mister_ng\cd\lc8951.v' to AST representation.
Successfully finished Verilog frontend.

126. Executing Verilog-2005 frontend: ..\src\neotang\mister_ng\pll\pll_0002.v
Parsing SystemVerilog input from `..\src\neotang\mister_ng\pll\pll_0002.v' to AST representation.
Successfully finished Verilog frontend.

127. Executing Verilog-2005 frontend: ..\src\neotang\mister_ng\pll.v
Parsing SystemVerilog input from `..\src\neotang\mister_ng\pll.v' to AST representation.
Successfully finished Verilog frontend.

128. Executing Verilog-2005 frontend: ..\src\neotang\mister_ng\neogeo.sv
Parsing SystemVerilog input from `..\src\neotang\mister_ng\neogeo.sv' to AST representation.
Successfully finished Verilog frontend.

129. Executing Verilog-2005 frontend: ..\src\neotang\mister_ng_top.sv
Parsing SystemVerilog input from `..\src\neotang\mister_ng_top.sv' to AST representation.
Successfully finished Verilog frontend.

130. Executing Verilog-2005 frontend: ..\src\neotang\neotang_top.sv
Parsing SystemVerilog input from `..\src\neotang\neotang_top.sv' to AST representation.
Successfully finished Verilog frontend.

131. Executing HIERARCHY pass (managing design hierarchy).
ERROR: Module `neotang_top' not found!
